Arguments: 
  /usr/local/Cellar/node/13.2.0/bin/node /usr/local/Cellar/yarn/1.19.2/libexec/bin/yarn.js add eact-string-replace

PATH: 
  /usr/local/bin:/usr/bin:/bin:/usr/sbin:/sbin

Yarn version: 
  1.19.2

Node version: 
  13.2.0

Platform: 
  darwin x64

Trace: 
  Error: https://registry.yarnpkg.com/eact-string-replace: Not found
      at Request.params.callback [as _callback] (/usr/local/Cellar/yarn/1.19.2/libexec/lib/cli.js:66927:18)
      at Request.self.callback (/usr/local/Cellar/yarn/1.19.2/libexec/lib/cli.js:140586:22)
      at Request.emit (events.js:210:5)
      at Request.<anonymous> (/usr/local/Cellar/yarn/1.19.2/libexec/lib/cli.js:141558:10)
      at Request.emit (events.js:210:5)
      at IncomingMessage.<anonymous> (/usr/local/Cellar/yarn/1.19.2/libexec/lib/cli.js:141480:12)
      at Object.onceWrapper (events.js:299:28)
      at IncomingMessage.emit (events.js:215:7)
      at endReadableNT (_stream_readable.js:1200:12)
      at processTicksAndRejections (internal/process/task_queues.js:80:21)

npm manifest: 
  {
    "name": "react-native-mentions-editor",
    "version": "1.0.11",
    "description": "Mentions for React-Native. Tested on iOS. Should work on Andriod.",
    "main": "index.js",
    "scripts": {
      "test": "echo \"Error: no test specified\" && exit 1"
    },
    "repository": {
      "type": "git",
      "url": "git+https://github.com/mrazadar/react-native-mentions-editor.git"
    },
    "keywords": [
      "react-native-mentions",
      "react native mentions",
      "react-native",
      "react-component",
      "editor",
      "mobile",
      "ios",
      "android",
      "mentions"
    ],
    "author": "Muhammad Raza Dar <mrazadar@gmail.here> (https://about.me/mrazadar)",
    "license": "MIT",
    "bugs": {
      "url": "https://github.com/mrazadar/react-native-mentions-editor/issues"
    },
    "homepage": "https://github.com/mrazadar/react-native-mentions-editor#readme"
  }

yarn manifest: 
  No manifest

Lockfile: 
  # THIS IS AN AUTOGENERATED FILE. DO NOT EDIT THIS FILE DIRECTLY.
  # yarn lockfile v1
